<?xml version="1.0" encoding="UTF-8"?>
<!-- Generated by org.testng.reporters.JUnitXMLReporter -->
<testsuite hostname="L-009688" name="Test1" tests="3" failures="1" timestamp="9 Dec 2016 14:33:13 GMT" time="143.581" errors="0">
  <testcase name="test" time="7.318" classname="test.drugi.DrugiTest"/>
  <testcase name="test" time="15.998" classname="test.registration.TestRegistrationRequiredInputFields">
    <failure type="java.lang.AssertionError" message="expected [Thank you for your registration] but found [Error: Username already exists]">
      <![CDATA[java.lang.AssertionError: expected [Thank you for your registration] but found [Error: Username already exists]
	at test.registration.TestRegistrationRequiredInputFields.test(TestRegistrationRequiredInputFields.java:74)
... Removed 29 stack frames]]>
    </failure>
  </testcase> <!-- test -->
  <testcase name="f" time="5.316" classname="test.registration.TestRegistrationIncorrectValuesForPhoneNumber"/>
</testsuite> <!-- Test1 -->
