<?xml version="1.0" encoding="UTF-8"?>
<testng-results skipped="0" failed="0" total="1" passed="1">
  <reporter-output>
  </reporter-output>
  <suite name="Default suite" duration-ms="13802" started-at="2016-11-03T13:36:32Z" finished-at="2016-11-03T13:36:46Z">
    <groups>
    </groups>
    <test name="Default test" duration-ms="13802" started-at="2016-11-03T13:36:32Z" finished-at="2016-11-03T13:36:46Z">
      <class name="test.drugi.DrugiTest">
        <test-method status="PASS" signature="setUp()[pri:0, instance:test.drugi.DrugiTest@3c09711b]" name="setUp" is-config="true" duration-ms="7309" started-at="2016-11-03T14:36:32Z" finished-at="2016-11-03T14:36:40Z">
          <reporter-output>
          </reporter-output>
        </test-method> <!-- setUp -->
        <test-method status="PASS" signature="test()[pri:0, instance:test.drugi.DrugiTest@3c09711b]" name="test" duration-ms="6444" started-at="2016-11-03T14:36:40Z" finished-at="2016-11-03T14:36:46Z">
          <reporter-output>
          </reporter-output>
        </test-method> <!-- test -->
        <test-method status="PASS" signature="tearDown()[pri:0, instance:test.drugi.DrugiTest@3c09711b]" name="tearDown" is-config="true" duration-ms="31" started-at="2016-11-03T14:36:46Z" finished-at="2016-11-03T14:36:46Z">
          <reporter-output>
          </reporter-output>
        </test-method> <!-- tearDown -->
      </class> <!-- test.drugi.DrugiTest -->
    </test> <!-- Default test -->
  </suite> <!-- Default suite -->
</testng-results>
